frontend/app/build/outputs/logs/manifest-merger-debug-report.txt
-- Merging decision tree log ---
manifest
ADDED from src/main/AndroidManifest.xml:2:1-61:12
	package
		ADDED from src/main/AndroidManifest.xml:3:5-36
		INJECTED from src/main/AndroidManifest.xml
		INJECTED from src/main/AndroidManifest.xml
	android:versionName
		INJECTED from src/main/AndroidManifest.xml
		INJECTED from src/main/AndroidManifest.xml
	xmlns:android
		ADDED from src/main/AndroidManifest.xml:2:11-69
	android:versionCode
		INJECTED from src/main/AndroidManifest.xml
		INJECTED from src/main/AndroidManifest.xml
uses-permission#android.permission.INTERNET
ADDED from src/main/AndroidManifest.xml:5:5-67
	android:name
		ADDED from src/main/AndroidManifest.xml:5:22-64
uses-permission#android.permission.ACCESS_NETWORK_STATE
ADDED from src/main/AndroidManifest.xml:7:5-79
	android:name
		ADDED from src/main/AndroidManifest.xml:7:22-76
uses-permission#android.permission.ACCESS_WIFI_STATE
ADDED from src/main/AndroidManifest.xml:9:5-76
	android:name
		ADDED from src/main/AndroidManifest.xml:9:22-73
uses-permission#android.permission.WAKE_LOCK
ADDED from src/main/AndroidManifest.xml:11:5-68
	android:name
		ADDED from src/main/AndroidManifest.xml:11:22-65
uses-permission#android.permission.WRITE_EXTERNAL_STORAGE
ADDED from src/main/AndroidManifest.xml:13:5-81
	android:name
		ADDED from src/main/AndroidManifest.xml:13:22-78
uses-permission#android.permission.READ_EXTERNAL_STORAGE
ADDED from src/main/AndroidManifest.xml:14:5-79
	android:name
		ADDED from src/main/AndroidManifest.xml:14:22-77
uses-permission#android.permission.READ_PHONE_STATE
ADDED from src/main/AndroidManifest.xml:16:5-75
	android:name
		ADDED from src/main/AndroidManifest.xml:16:22-72
uses-permission#android.permission.MOUNT_UNMOUNT_FILESYSTEMS
ADDED from src/main/AndroidManifest.xml:17:5-84
	android:name
		ADDED from src/main/AndroidManifest.xml:17:22-81
application
ADDED from src/main/AndroidManifest.xml:18:5-59:19
MERGED from [com.android.support:design:24.2.1] AndroidManifest.xml:22:5-20
MERGED from [de.hdodenhof:circleimageview:2.1.0] AndroidManifest.xml:9:5-20
MERGED from [com.sunfusheng:marqueeview:1.1.0] AndroidManifest.xml:11:5-15:19
MERGED from [cn.bmob.android:bmob-sdk:3.5.0] AndroidManifest.xml:11:5-14:19
MERGED from [com.android.support:appcompat-v7:24.2.1] AndroidManifest.xml:25:5-20
MERGED from [com.android.support:animated-vector-drawable:24.2.1] AndroidManifest.xml:22:5-20
MERGED from [com.android.support:support-vector-drawable:24.2.1] AndroidManifest.xml:23:5-20
MERGED from [:kalelibrary:] AndroidManifest.xml:11:5-17:19
MERGED from [com.android.support:support-v4:24.2.1] AndroidManifest.xml:25:5-20
MERGED from [com.android.support:support-fragment:24.2.1] AndroidManifest.xml:25:5-20
MERGED from [com.android.support:support-media-compat:24.2.1] AndroidManifest.xml:25:5-20
MERGED from [com.android.support:support-core-ui:24.2.1] AndroidManifest.xml:25:5-20
MERGED from [com.android.support:support-core-utils:24.2.1] AndroidManifest.xml:25:5-20
MERGED from [com.android.support:support-compat:24.2.1] AndroidManifest.xml:25:5-20
	android:label
		ADDED from src/main/AndroidManifest.xml:22:9-41
	android:supportsRtl
		ADDED from src/main/AndroidManifest.xml:23:9-35
	android:allowBackup
		ADDED from src/main/AndroidManifest.xml:20:9-35
	android:icon
		ADDED from src/main/AndroidManifest.xml:21:9-41
	android:theme
		ADDED from src/main/AndroidManifest.xml:24:9-65
	android:name
		ADDED from src/main/AndroidManifest.xml:19:9-53
activity#com.xiaoguang.xtaobao.activity.SplashActivity
ADDED from src/main/AndroidManifest.xml:25:9-31:20
	android:name
		ADDED from src/main/AndroidManifest.xml:25:19-58
intent-filter#android.intent.action.MAIN+android.intent.category.LAUNCHER
ADDED from src/main/AndroidManifest.xml:26:13-30:29
action#android.intent.action.MAIN
ADDED from src/main/AndroidManifest.xml:27:17-69
	android:name
		ADDED from src/main/AndroidManifest.xml:27:25-66
category#android.intent.category.LAUNCHER
ADDED from src/main/AndroidManifest.xml:29:17-77
	android:name
		ADDED from src/main/AndroidManifest.xml:29:27-74
activity#com.xiaoguang.xtaobao.activity.HomeActivity
ADDED from src/main/AndroidManifest.xml:32:9-59
	android:name
		ADDED from src/main/AndroidManifest.xml:32:19-56
activity#com.xiaoguang.xtaobao.activity.LoginActivity
ADDED from src/main/AndroidManifest.xml:33:9-59
	android:name
		ADDED from src/main/AndroidManifest.xml:33:19-57
activity#com.xiaoguang.xtaobao.activity.RegisterActivity
ADDED from src/main/AndroidManifest.xml:34:9-62
	android:name
		ADDED from src/main/AndroidManifest.xml:34:19-60
activity#com.xiaoguang.xtaobao.activity.SettingActivtity
ADDED from src/main/AndroidManifest.xml:35:9-62
	android:name
		ADDED from src/main/AndroidManifest.xml:35:19-60
activity#com.xiaoguang.xtaobao.activity.PersonDetialsActivity
ADDED from src/main/AndroidManifest.xml:36:9-67
	android:name
		ADDED from src/main/AndroidManifest.xml:36:19-65
activity#com.xiaoguang.xtaobao.activity.AddressChangeActivity
ADDED from src/main/AndroidManifest.xml:37:9-67
	android:name
		ADDED from src/main/AndroidManifest.xml:37:19-65
activity#com.xiaoguang.xtaobao.activity.GoodsTypeActivity
ADDED from src/main/AndroidManifest.xml:38:9-73
	android:name
		ADDED from src/main/AndroidManifest.xml:38:19-61
activity#com.xiaoguang.xtaobao.activity.GoodsResultActivity
ADDED from src/main/AndroidManifest.xml:39:9-65
	android:name
		ADDED from src/main/AndroidManifest.xml:39:19-63
activity#com.xiaoguang.xtaobao.activity.GoodsDetailsActivity
ADDED from src/main/AndroidManifest.xml:40:9-66
	android:name
		ADDED from src/main/AndroidManifest.xml:40:19-64
activity#com.xiaoguang.xtaobao.activity.OrdersActivity
ADDED from src/main/AndroidManifest.xml:41:9-60
	android:name
		ADDED from src/main/AndroidManifest.xml:41:19-58
activity#com.xiaoguang.xtaobao.activity.WebViewActivity
ADDED from src/main/AndroidManifest.xml:42:9-61
	android:name
		ADDED from src/main/AndroidManifest.xml:42:19-59
activity#com.xiaoguang.xtaobao.activity.PayActivity
ADDED from src/main/AndroidManifest.xml:43:9-57
	android:name
		ADDED from src/main/AndroidManifest.xml:43:19-55
activity#com.xiaoguang.xtaobao.activity.OrdersResultActivity
ADDED from src/main/AndroidManifest.xml:44:9-66
	android:name
		ADDED from src/main/AndroidManifest.xml:44:19-64
activity#com.xiaoguang.xtaobao.activity.LoveGoodsActivity
ADDED from src/main/AndroidManifest.xml:45:9-63
	android:name
		ADDED from src/main/AndroidManifest.xml:45:19-61
activity#com.xiaoguang.xtaobao.activity.ForgetPwdActivity
ADDED from src/main/AndroidManifest.xml:46:9-64
	android:name
		ADDED from src/main/AndroidManifest.xml:46:19-61
activity#com.xiaoguang.xtaobao.activity.LotteriesActivity
ADDED from src/main/AndroidManifest.xml:47:9-53:20
	android:name
		ADDED from src/main/AndroidManifest.xml:47:19-61
activity#cn.bmob.v3.update.UpdateDialogActivity
ADDED from src/main/AndroidManifest.xml:55:9-58:20
	android:theme
		ADDED from src/main/AndroidManifest.xml:57:13-72
	android:name
		ADDED from src/main/AndroidManifest.xml:56:13-66
uses-sdk
INJECTED from src/main/AndroidManifest.xml reason: use-sdk injection requested
MERGED from [com.android.support:design:24.2.1] AndroidManifest.xml:20:5-43
MERGED from [com.android.support:recyclerview-v7:24.2.1] AndroidManifest.xml:20:5-43
MERGED from [com.jakewharton:butterknife:8.4.0] AndroidManifest.xml:5:5-43
MERGED from [com.jude:rollviewpager:1.2.9] AndroidManifest.xml:7:5-9:41
MERGED from [de.hdodenhof:circleimageview:2.1.0] AndroidManifest.xml:5:5-7:41
MERGED from [com.sunfusheng:marqueeview:1.1.0] AndroidManifest.xml:7:5-9:41
MERGED from [cn.bmob.android:bmob-sdk:3.5.0] AndroidManifest.xml:7:5-9:41
MERGED from [XTaobao-master:iOS_Dialog_Library:unspecified] AndroidManifest.xml:7:5-9:41
MERGED from [com.android.support:appcompat-v7:24.2.1] AndroidManifest.xml:21:5-23:78
MERGED from [com.android.support:animated-vector-drawable:24.2.1] AndroidManifest.xml:20:5-44
MERGED from [com.android.support:support-vector-drawable:24.2.1] AndroidManifest.xml:21:5-43
MERGED from [:kalelibrary:] AndroidManifest.xml:7:5-9:41
MERGED from [com.baoyz.swipemenulistview:library:1.3.0] AndroidManifest.xml:7:5-9:41
MERGED from [com.android.support:support-v4:24.2.1] AndroidManifest.xml:21:5-23:54
MERGED from [com.android.support:support-fragment:24.2.1] AndroidManifest.xml:21:5-23:60
MERGED from [com.android.support:support-media-compat:24.2.1] AndroidManifest.xml:21:5-23:63
MERGED from [com.android.support:support-core-ui:24.2.1] AndroidManifest.xml:21:5-23:58
MERGED from [com.android.support:support-core-utils:24.2.1] AndroidManifest.xml:21:5-23:61
MERGED from [com.android.support:support-compat:24.2.1] AndroidManifest.xml:21:5-23:58
	tools:overrideLibrary
		ADDED from [com.android.support:appcompat-v7:24.2.1] AndroidManifest.xml:23:9-75
	android:targetSdkVersion
		INJECTED from src/main/AndroidManifest.xml
		INJECTED from src/main/AndroidManifest.xml
	android:minSdkVersion
		INJECTED from src/main/AndroidManifest.xml
		INJECTED from src/main/AndroidManifest.xml
activity#com.kale.lib.photo.GetSimplePhotoActivity
ADDED from [:kalelibrary:] AndroidManifest.xml:14:9-16:64
	android:theme
		ADDED from [:kalelibrary:] AndroidManifest.xml:16:13-61
	android:name
		ADDED from [:kalelibrary:] AndroidManifest.xml:15:13-69